commit 1e669ebc59232a3872832c2d81c33b5b0894c10f
Author: Eric Kramer <erickramer42@gmail.com>
Date:   Thu Nov 17 08:59:22 2016 -0600

    Updated presentation

commit 94b193602a487068d5ac3ffbd4a72666584fe43c
Author: Eric Kramer <erickramer42@gmail.com>
Date:   Wed Nov 16 15:07:18 2016 -0600

    Swe presentation

commit 05f7a846694ddbe9b4c13298160bf6d68a4f689f
Merge: 6be5981 fe792f0
Author: Eric Kramer <erickramer42@gmail.com>
Date:   Wed Nov 16 15:06:08 2016 -0600

    Merge branch 'dev'

commit 6be59811716b7f2bfb9824ce8ca6185ccf68ae3f
Merge: 0c8bb8c d0234ca
Author: Eric Kramer <erickramer42@gmail.com>
Date:   Wed Nov 16 15:05:44 2016 -0600

    Merge branch 'master' of github.com:swilery/cs373-idb

commit d0234ca9f51b229b67ad946797d0f3c3f8ae773c
Author: Eric Kramer <erickramer42@gmail.com>
Date:   Wed Nov 16 11:49:23 2016 -0600

    Add files via upload

commit fe792f048d081675bfb86828523a6647103d0a86
Author: Ryan Fuller <rfuller250@yahoo.com>
Date:   Wed Nov 16 10:44:44 2016 -0600

    Basic Video Game Characters Page Working

commit 278c0d3df0eddfb788210c5f8d9968dd3273bdf1
Author: Ryan Fuller <rfuller250@yahoo.com>
Date:   Wed Nov 16 09:56:20 2016 -0600

    Random Video Game API Selection Working

commit 7833dd8a7d52562d6e838ef617f911124ce25235
Author: Eric Kramer <erickramer42@gmail.com>
Date:   Tue Nov 15 12:13:12 2016 -0600

    Carousel template and base routing set up for new page to display other group's info

commit fd548f80df878ccdc2841166444cde08f54eeb0e
Author: Ryan Fuller <rfuller250@yahoo.com>
Date:   Mon Nov 14 13:07:45 2016 -0600

    Fixed 'Great Britain' and 'United Kingdom' Link Problem

commit 007d8a82eb31d4acc26896877e5ddbb6b0bc3e35
Author: Ryan Fuller <rfuller250@yahoo.com>
Date:   Mon Nov 14 12:48:14 2016 -0600

    Search Works on All HTML Pages

commit 3c0f1193bf849ac2cdb8a8b8879f65d84200686c
Author: Ryan Fuller <rfuller250@yahoo.com>
Date:   Mon Nov 14 12:18:34 2016 -0600

    AND and OR searches marked and working

commit 0c5831ac0b348a74d7198d90c829593561960ba7
Author: Ryan Fuller <rfuller250@yahoo.com>
Date:   Mon Nov 14 11:24:55 2016 -0600

    Added initial Data from Group 6

commit deb4811b6528af97e26d3b0245b2bb14e0edb147
Author: Ryan Fuller <rfuller250@yahoo.com>
Date:   Mon Nov 14 11:06:04 2016 -0600

    Drop Search Mapper Functions Working

commit 22775200e05a6fb67c65f8efc71823bd9cdffbcf
Author: Ryan Fuller <rfuller250@yahoo.com>
Date:   Mon Nov 14 10:07:49 2016 -0600

    Search Working

commit bf762cbed3390229c2f7c21ba8ce92182e17bf8a
Merge: 8f7cc64 abcc3ab
Author: Walter Xia <swilery@cs.utexas.edu>
Date:   Mon Nov 14 09:05:32 2016 -0600

    Here ya go.

commit 8f7cc64a12a6722aa4d41c9477ef04501a103c17
Author: Walter Xia <swilery@cs.utexas.edu>
Date:   Mon Nov 14 08:58:30 2016 -0600

    Here you go Ryan.

commit abcc3ab8898597921237082e8fcc2305d7129b07
Author: Ryan Fuller <rfuller250@yahoo.com>
Date:   Mon Nov 14 08:16:48 2016 -0600

    Working on Search

commit 84d442e0ced45a37f68b3cc69d7c81e4a58e7922
Author: Ryan Fuller <rfuller250@yahoo.com>
Date:   Thu Nov 10 07:38:37 2016 -0600

    Fixed auto-update

commit 3e6e14e1647abddd6d63c6d455adf13d67b80a8a
Author: abderrahman said-alaoui <said11@cs.utexas.edu>
Date:   Wed Nov 9 13:54:36 2016 -0600

    added search bar

commit 95455c9f815ae57acf79ef2cae04edd547a43b4d
Author: abderrahman said-alaoui <said11@cs.utexas.edu>
Date:   Wed Nov 9 12:55:59 2016 -0600

    added search function in app.py

commit 0d246c2bdf94dde4558882d07fba251a48d02e21
Author: Ryan Fuller <rfuller250@yahoo.com>
Date:   Wed Nov 9 10:40:53 2016 -0600

    Finished auto-update

commit 0aa56908a622eadd93236e61efe34ef0f6831ae1
Author: Ryan Fuller <rfuller250@yahoo.com>
Date:   Wed Nov 9 10:20:57 2016 -0600

    Working on auto-update

commit d1f8df5ce11a7ee80379bc0b02a3bf5b0448a629
Author: Ryan Fuller <rfuller250@yahoo.com>
Date:   Wed Nov 9 10:18:17 2016 -0600

    Working on auto-update

commit 1909f7c90ae280acfbfed4fc552e056629b0d49c
Author: Ryan Fuller <rfuller250@yahoo.com>
Date:   Wed Nov 9 09:47:37 2016 -0600

    Working on auto-update

commit 08ade09c344ba599e83d1310a18ac0188b3371a0
Author: Ryan Fuller <rfuller250@yahoo.com>
Date:   Wed Nov 9 09:44:28 2016 -0600

    Working on auto-update

commit b62de7809ef693437df8fde3377310cdd96db7e1
Merge: df79d33 0ac11e8
Author: Ryan Fuller <rfuller250@yahoo.com>
Date:   Thu Nov 3 16:12:25 2016 -0500

    Merge branch 'dev'

commit 0ac11e85102e61e3e82af21e2dc6b902a55981be
Author: Ryan Fuller <rfuller250@yahoo.com>
Date:   Thu Nov 3 16:12:07 2016 -0500

    Final, final commit (and updated IDB2.log)

commit 843a6526875af04cd51ff4f1bb67b9bb1c0f1b49
Author: Ryan Fuller <rfuller250@yahoo.com>
Date:   Thu Nov 3 16:09:01 2016 -0500

    Added link to data collection page in wiki to about.html

commit df79d332ae85c089dafce5314299388e832de089
Merge: fa586be 8d5c4e2
Author: Ryan Fuller <rfuller250@yahoo.com>
Date:   Thu Nov 3 15:58:26 2016 -0500

    Merge branch 'dev'

commit 8d5c4e2c99d089ed598ac68a8fd45636d43ee901
Author: Ryan Fuller <rfuller250@yahoo.com>
Date:   Thu Nov 3 15:58:08 2016 -0500

    Final Commit, Updated IDB2.log

commit fa586bed37469ef0815c05ee70987c7c03b07e6b
Merge: da30c77 896c2be
Author: Ryan Fuller <rfuller250@yahoo.com>
Date:   Thu Nov 3 15:52:45 2016 -0500

    Merge branch 'dev'

commit 896c2be9fb962e3877294c830bff336c7933bcf8
Author: Ryan Fuller <rfuller250@yahoo.com>
Date:   Thu Nov 3 15:52:10 2016 -0500

    Updated articles & database

commit da30c77e3e3aa3a42fd001fe2e3f634cdc95309f
Merge: 2a78f65 a4b84a8
Author: Ryan Fuller <rfuller250@yahoo.com>
Date:   Thu Nov 3 15:04:32 2016 -0500

    Merge branch 'dev'

commit a4b84a848d6e46af639f7e3b53ba59040f88fd45
Author: Ryan Fuller <rfuller250@yahoo.com>
Date:   Thu Nov 3 15:03:01 2016 -0500

    Articles table displays all articles

commit 0c8bb8c78544ad9b667a774f458bea51944a1b38
Merge: 223dbe0 eed3866
Author: Eric Kramer <erickramer42@gmail.com>
Date:   Thu Nov 3 14:02:25 2016 -0500

    Merge branch 'dev'

commit eed386642906b788b94c44d8d557284d6a99301a
Author: Eric Kramer <erickramer42@gmail.com>
Date:   Thu Nov 3 14:02:10 2016 -0500

    Updated about page stats

commit 223dbe0bd6d211eb3d00c69f1f653be208c1dc30
Merge: 2a78f65 6187319
Author: Eric Kramer <erickramer42@gmail.com>
Date:   Thu Nov 3 13:51:13 2016 -0500

    Merge branch 'dev'

commit 6187319af2131e6c16f38971ab92aefa8536603b
Author: Eric Kramer <erickramer42@gmail.com>
Date:   Thu Nov 3 13:50:57 2016 -0500

    Fixed show and search table styling and alignment, removed search bars from table pages

commit 2a78f658697fb57641936de2fb1eb6911f7f6bd9
Merge: 82c9f29 a96ac1a
Author: Eric Kramer <erickramer42@gmail.com>
Date:   Thu Nov 3 13:03:58 2016 -0500

    Merge branch 'dev', pagination and sorting

commit a96ac1ab0aaf4fbc788156a4e4214c54597317da
Merge: 7a1d804 e7a653f
Author: Eric Kramer <erickramer42@gmail.com>
Date:   Thu Nov 3 12:58:23 2016 -0500

    Merge branch 'dev' of github.com:swilery/cs373-idb into dev

commit 7a1d80447fc1492de91a7443dedd68fe54d025c3
Author: Eric Kramer <erickramer42@gmail.com>
Date:   Thu Nov 3 12:58:07 2016 -0500

    PAGINATION AND SORTING, WORK, YES I'M YELLING

commit e7a653f74dbbd20e670baff4d53bc929ab2f030c
Author: abderrahman said-alaoui <said11@cs.utexas.edu>
Date:   Thu Nov 3 12:49:07 2016 -0500

    implemented pagination for articles UNTESTED

commit 6cf60a1215e4f8444c070b98aeffc7a2ccab3651
Author: Eric Kramer <erickramer42@gmail.com>
Date:   Thu Nov 3 12:20:41 2016 -0500

    Sorting for tables, not tested

commit 82c9f29c973df8b38cfe91ffa911f84398bf7bfc
Author: Eric Kramer <erickramer42@gmail.com>
Date:   Thu Nov 3 11:50:15 2016 -0500

    Updated Introduction of Apiary.io API

commit 31840dafc20e6ef6134920a3f18e3bbb24402b6c
Author: Eric Kramer <erickramer42@gmail.com>
Date:   Thu Nov 3 11:40:58 2016 -0500

    Updated about page stats: commits, issues, unit tests

commit bb6899566be277045191a9cded07ea20a9579349
Merge: e41a589 bfeb9fd
Author: Eric Kramer <erickramer42@gmail.com>
Date:   Thu Nov 3 11:29:02 2016 -0500

    Merge branch 'dev'

commit bfeb9fd5a4cad67d63e1f068b2a8848b83f8520b
Author: Eric Kramer <erickramer42@gmail.com>
Date:   Wed Nov 2 13:47:49 2016 -0500

    Adjusted div tags on singe article and single location pages so the table header was in the correct position

commit 684715c3eb62837bc7a6be2492d44cc992776a25
Author: Ryan Fuller <rfuller250@yahoo.com>
Date:   Wed Nov 2 13:02:56 2016 -0500

    Can run unittests on about page

commit 9b866381bb388f3253a0103ecc81c2673292d12f
Author: Ryan Fuller <rfuller250@yahoo.com>
Date:   Wed Nov 2 11:38:56 2016 -0500

    Updated apiary.apib

commit e41a5898d4ddcdd610ddc9b2c5ec4c2e431745d8
Author: Ryan Fuller <rfuller250@yahoo.com>
Date:   Wed Nov 2 11:29:59 2016 -0500

    Transferring API Description file from Apiary.io

commit a79e112594177970249a9fb083caf3bacd6c2402
Author: Ryan Fuller <rfuller250@yahoo.com>
Date:   Wed Nov 2 11:29:09 2016 -0500

    Transferring API Description file from Apiary.io

commit 61aa758e6fa67f557ccb2a0a1b884316f33f651b
Author: Ryan Fuller <rfuller250@yahoo.com>
Date:   Wed Nov 2 11:28:30 2016 -0500

    Transferring API Description file from Apiary.io

commit babece7af88c4f098f0e493e0571f3ccd0ee5c6b
Author: Ryan Fuller <rfuller250@yahoo.com>
Date:   Wed Nov 2 11:22:29 2016 -0500

    Updated makefile

commit 0c6a2474f3287f53255466b765f08798ad22c224
Author: Ryan Fuller <rfuller250@yahoo.com>
Date:   Wed Nov 2 11:21:08 2016 -0500

    Created IDB2.log and Updated models.html

commit 43a443d7973e258d0d1e8988b72748f4d575f18c
Merge: a10e1f7 775c11b
Author: Ryan Fuller <rfuller250@yahoo.com>
Date:   Wed Nov 2 11:16:15 2016 -0500

    Merge branch 'dev' of https://github.com/swilery/cs373-idb into dev

commit a10e1f7cbda5bfe77e083f55b3e95d1ca4d972d6
Author: Ryan Fuller <rfuller250@yahoo.com>
Date:   Wed Nov 2 11:16:02 2016 -0500

    Unit Tests Complete and Working

commit 775c11b89b400afead85919debfdca6ac4e9e35e
Author: Eric Kramer <erickramer42@gmail.com>
Date:   Wed Nov 2 11:13:01 2016 -0500

    Added a short description of data scraping on the about page

commit f7e7a55b37a192a25072aecd672a3b07cf9c25c3
Author: Ryan Fuller <rfuller250@yahoo.com>
Date:   Wed Nov 2 10:25:50 2016 -0500

    Initial Tests Working; Conflict Resolved

commit 3a5ca64f3d38221fecd9329fb0a18bd4755b98cc
Merge: 031d5fa e6c0cc0
Author: Ryan Fuller <rfuller250@yahoo.com>
Date:   Wed Nov 2 10:24:37 2016 -0500

    Initial Tests Working

commit 031d5fa4589937953df764126e832c81e8ce1f7a
Author: Ryan Fuller <rfuller250@yahoo.com>
Date:   Wed Nov 2 10:23:13 2016 -0500

    Initial Tests Working

commit e6c0cc06fc04e03b9b174712a31a056f53822d48
Merge: c051c5b 2eeffbe
Author: Eric Kramer <erickramer42@gmail.com>
Date:   Wed Nov 2 09:45:05 2016 -0500

    Unit tests button on about page

commit c051c5ba5341cbeb0901fe30c751395b70cade75
Author: Eric Kramer <erickramer42@gmail.com>
Date:   Wed Nov 2 09:43:55 2016 -0500

    Unit test button on about page

commit 1e53c075b61b5df98babd0d871fe97c5a3eedb36
Author: Ryan Fuller <rfuller250@yahoo.com>
Date:   Wed Nov 2 09:41:36 2016 -0500

    RESTful API Finished

commit dfabc1f2ef592a63f96f0d6b621602b7a3e4d5a6
Author: Ryan Fuller <rfuller250@yahoo.com>
Date:   Wed Nov 2 08:47:17 2016 -0500

    Updating APIary Documentation

commit 2eeffbe3133fdf5a3b5c75e8d2846c850598d533
Author: Ryan Fuller <rfuller250@yahoo.com>
Date:   Wed Nov 2 08:14:38 2016 -0500

    Updated RESTful API

commit 60f551f833cd67d36a1da9676bbb655194847dae
Author: Santiago Munevar <santiago-munevar@wireless-10-147-85-7.public.utexas.edu>
Date:   Tue Nov 1 18:28:54 2016 -0500

    Updated about.html to highlight about as current nav element

commit 0fe9cff3cbd81adba7c56fc1d2978296c3b22cef
Author: Ryan Fuller <rfuller250@yahoo.com>
Date:   Tue Nov 1 13:57:08 2016 -0500

    Implemented RESTful API in app.py

commit cc2992807aa522e9811065a91c3cd44aadce0a40
Author: Santiago Munevar <santiago-munevar@wireless-10-147-85-7.public.utexas.edu>
Date:   Tue Nov 1 13:53:15 2016 -0500

    Fixed pydoc issue. Needed to cd into directory

commit 0bcee7a8c5d1bf1cc7cd72c2c7326b2048ce1861
Author: Ryan Fuller <rfuller250@yahoo.com>
Date:   Tue Nov 1 13:15:04 2016 -0500

    Updated app.py

commit 6565db31f070c7c9e8ea6dfadb35c220c31393fd
Author: Ryan Fuller <rfuller250@yahoo.com>
Date:   Tue Nov 1 13:09:06 2016 -0500

    Basic Links and Pillar Connections Complete

commit 964b59f2079e92e00873db5ec57e7a7b91bc6925
Author: Ryan Fuller <rfuller250@yahoo.com>
Date:   Tue Nov 1 11:53:07 2016 -0500

    Added Articles Table in Individual Source Page

commit a71e04caf0b9301d880dc271d92cbe883f2e05e5
Author: Ryan Fuller <rfuller250@yahoo.com>
Date:   Tue Nov 1 11:36:55 2016 -0500

    Working Links to Individual Sources

commit 843b915ac5359c6ef92c02c082b8244fdecf27fe
Author: Ryan Fuller <rfuller250@yahoo.com>
Date:   Tue Nov 1 06:15:37 2016 -0500

    Modified Data Formatting, Updated Database, Basic Queries and Data Display in 3 Main Pillar Pages Working

commit 9e7b9d95decb8bd500471e02cb1f7ba9d4a00cb5
Author: Ryan Fuller <rfuller250@yahoo.com>
Date:   Mon Oct 31 15:27:19 2016 -0500

    Fixed Another Typo in index.html

commit a1f0f8885d0374794f101e9676c646f5e5ff32ec
Author: Ryan Fuller <rfuller250@yahoo.com>
Date:   Mon Oct 31 15:24:46 2016 -0500

    Fixed Typo in index.html

commit 3eda309f75714225be458f5d0f228e0236c08e17
Author: Ryan Fuller <rfuller250@yahoo.com>
Date:   Mon Oct 31 13:13:49 2016 -0500

    Updated default image

commit 954f3f417068f7adf56a6441fd5fe76a8bcc7238
Merge: 46064e6 7f783b5
Author: Ryan Fuller <rfuller250@yahoo.com>
Date:   Mon Oct 31 13:04:24 2016 -0500

    Merge Conflict Resolved

commit 46064e6a9b0a47dc519fa575185ca940e89e20ba
Author: Ryan Fuller <rfuller250@yahoo.com>
Date:   Mon Oct 31 12:38:42 2016 -0500

    All Data in Database; Able to Query

commit 7f783b5482dd4f4b10364fa985539bb46af038a2
Author: Ryan Fuller <rfuller250@yahoo.com>
Date:   Mon Oct 31 12:38:42 2016 -0500

    All Data in Database; Able to Query

commit ad5adeb084cc9b54c32c1df99159216d6e351a67
Author: Ryan Fuller <rfuller250@yahoo.com>
Date:   Mon Oct 31 10:10:36 2016 -0500

    Fixed app_instance

commit feac42d2cd2368e7dc7f72a4ea5c168d8d015c7e
Author: Ryan Fuller <rfuller250@yahoo.com>
Date:   Mon Oct 31 09:43:10 2016 -0500

    Database Working

commit e8ac676b0d4901fae2ef29e6276b0e9b98192662
Author: Eric Kramer <erickramer42@gmail.com>
Date:   Fri Oct 28 09:42:37 2016 -0500

    models.py and loader.py updated with new flask import, still failing

commit 27fbf7a717e1489d13764fdb0ca25e80723cfa9b
Author: Eric Kramer <erickramer42@gmail.com>
Date:   Fri Oct 28 09:17:49 2016 -0500

    pydoc3 import error no module named flask

commit c413c82a82c2d4fc1a309dc3fdff1dabd025169f
Author: Eric Kramer <erickramer42@gmail.com>
Date:   Wed Oct 26 09:46:53 2016 -0500

    Added parse_db.py to put json data into database

commit 8e70f23ca64be5434fcc5fca226f13e1f529b5ed
Author: Ryan Fuller <rfuller250@yahoo.com>
Date:   Wed Oct 26 09:19:26 2016 -0500

    Updated models.py

commit e434ab2e99c573bb319c29ec0bad1865b9e14d8c
Author: Ryan Fuller <rfuller250@yahoo.com>
Date:   Wed Oct 26 08:07:11 2016 -0500

    Final Data json Formatting

commit 7eb70c80ec68027cb3a06887f6599d036dd72f6c
Author: Ryan Fuller <rfuller250@yahoo.com>
Date:   Wed Oct 26 08:05:25 2016 -0500

    Final Data Formatting

commit e3a1188af9c7207fb462971c00341785379cc68d
Author: Eric Kramer <erickramer42@gmail.com>
Date:   Thu Oct 20 14:23:45 2016 -0500

    The final final final commit, makefile now checks for itself and models.html

commit 45f14444e8c6029bebfea3de9df1deb7da2f3b6a
Author: Eric Kramer <erickramer42@gmail.com>
Date:   Thu Oct 20 14:11:12 2016 -0500

    Brought the hammer down on pydoc3, models.html generated mostly

commit 713e9ec32a94fa01411da503f21cc591cfe43753
Author: Ryan Fuller <rfuller250@yahoo.com>
Date:   Thu Oct 20 12:57:33 2016 -0500

    Reordered nav-bar, fixed links

commit 7bb84f4be3875f084207f51ce8fef319730b9c76
Author: Ryan Fuller <rfuller250@yahoo.com>
Date:   Thu Oct 20 12:43:41 2016 -0500

    Updated Links, Routing, Site Functionality

commit 8c491024900f26479285522952f6b524840f18fe
Author: Eric Kramer <erickramer42@gmail.com>
Date:   Thu Oct 20 11:54:00 2016 -0500

    Modified makefile for more file checks and for pydoc3 to run

commit 028a8d2e7631d358398dab509eb550611e4c49e2
Author: Eric Kramer <erickramer42@gmail.com>
Date:   Thu Oct 20 11:24:00 2016 -0500

    Tests for the test god, Skulls for the skull throne

commit 3b5605bbe69148dc965be45a6b577de8f82f3aaa
Author: Eric Kramer <erickramer42@gmail.com>
Date:   Thu Oct 20 09:09:56 2016 -0500

    Added actual models to models.py, added unit tests, added an init loader that was being called in models

commit e8f80bba789bf2080a79c33f6551e5ac5bb60e25
Author: Eric Kramer <erickramer42@gmail.com>
Date:   Wed Oct 19 21:52:37 2016 -0500

    I cannot spell RESPONSIBILITIES

commit c718430a0f074f61a37778e4bbb02c101d39268b
Author: Eric Kramer <erickramer42@gmail.com>
Date:   Wed Oct 19 21:48:35 2016 -0500

    Added major responsibilities, going to sleep

commit 06fed9101bb6cb3198b229837105a243b8929555
Author: Eric Kramer <erickramer42@gmail.com>
Date:   Wed Oct 19 21:38:45 2016 -0500

    found a missing quotation mark that was corrupting the pillar.css from loading on sources.html, this closes #24

commit f1dd1a27d03b58557649a17bc495c3cd35840205
Author: Eric Kramer <erickramer42@gmail.com>
Date:   Wed Oct 19 21:23:38 2016 -0500

    Made log of commits per requirements

commit 6c074f92ab550ad1d5d6d7ff5894bcb990d0a034
Author: Eric Kramer <erickramer42@gmail.com>
Date:   Wed Oct 19 20:34:40 2016 -0500

    Transferring API Description file from Apiary.io

commit 82422e7dfde8e79dac2981d6793452277a6a5277
Author: Eric Kramer <erickramer42@gmail.com>
Date:   Wed Oct 19 20:01:12 2016 -0500

    Added UML.txt to .gitignore, this closes #13

commit a5fbc363175736f3afea276c5ef25e0cf4643b09
Author: Santiago Munevar <santiago-munevar@Johns-MacBook-Pro.local>
Date:   Wed Oct 19 15:55:55 2016 -0500

    Added EID to README

commit 194a910ed04981eb13218d046ed64d7e3eff812a
Merge: f462436 99fa224
Author: Walter Xia <swilery@cs.utexas.edu>
Date:   Wed Oct 19 12:59:06 2016 -0500

    Merge branch 'dev' of https://github.com/swilery/cs373-idb into dev

commit f46243600d25cc0a0df0ca821a492a123c47ceca
Author: Walter Xia <swilery@cs.utexas.edu>
Date:   Wed Oct 19 12:57:33 2016 -0500

    Updated about.html

commit 99fa2245dbdebfc3d76f19189390cddbaeb147c8
Author: Ryan Fuller <rfuller250@yahoo.com>
Date:   Wed Oct 19 12:56:25 2016 -0500

    Working on Links and Routing

commit 6331cce4e330d246081bda91381e9bf5233907c2
Author: Ryan Fuller <rfuller250@yahoo.com>
Date:   Wed Oct 19 12:08:31 2016 -0500

    Working on Routing

commit fbb1cffbd1d1b5a530f1214eae11fb38db270bbe
Author: Ryan Fuller <rfuller250@yahoo.com>
Date:   Wed Oct 19 10:16:30 2016 -0500

    Modified about.html

commit 68c7f42ecf7d92fa4e547f14a7ec7b14e40094bb
Author: Ryan Fuller <rfuller250@yahoo.com>
Date:   Wed Oct 19 10:01:00 2016 -0500

    Updated .gitignore

commit af2eac366c433049d7f1d01b3d592b911421285c
Author: Ryan Fuller <rfuller250@users.noreply.github.com>
Date:   Wed Oct 19 09:59:13 2016 -0500

    Delete app.py~

commit 13ee3be38016be7f8bf3feae7b953ec0f933b16b
Author: Ryan Fuller <rfuller250@users.noreply.github.com>
Date:   Wed Oct 19 09:59:07 2016 -0500

    Delete app.py

commit 486f5fe84c1b901909c7ea52c0f90e66c5c00786
Author: Walter Xia <swilery@gmail.com>
Date:   Wed Oct 19 14:55:47 2016 +0000

    updated .gitignore

commit 1a70c084c58386a8b196cd0b9854e02b4e82b35f
Author: Walter Xia <swilery@gmail.com>
Date:   Wed Oct 19 14:53:24 2016 +0000

    Website now runs on droplet at port 80

commit d5a07d807e8e6b670b6037e693fa6d42f411b317
Author: Ryan Fuller <rfuller250@yahoo.com>
Date:   Wed Oct 19 09:47:42 2016 -0500

    Still Fixing Files

commit 942d953c924e0ae30ff2fbf6744a2066d83d663b
Author: Ryan Fuller <rfuller250@yahoo.com>
Date:   Wed Oct 19 09:43:29 2016 -0500

    Fixing Files

commit c2ac1531032fd301c01eafbd9e961786eb6aa3fe
Merge: 02aca7d a66da9e
Author: Ryan Fuller <rfuller250@yahoo.com>
Date:   Wed Oct 19 09:41:28 2016 -0500

    Merge branch 'dev' of https://github.com/swilery/cs373-idb into dev

commit 02aca7dae79564e982742898ad66fce6bb62fd0d
Author: Ryan Fuller <rfuller250@yahoo.com>
Date:   Wed Oct 19 09:40:44 2016 -0500

    Updated File Paths in HTML Files

commit a66da9e4eb06187a94ad3299a869ad1c232aad13
Author: Walter Xia <swilery@gmail.com>
Date:   Wed Oct 19 14:04:08 2016 +0000

    Save app.wsgi on Github

commit d4a8bada44badab6cdbc48dc8ee6be26294b32bd
Author: Ryan Fuller <rfuller250@yahoo.com>
Date:   Wed Oct 19 08:45:41 2016 -0500

    Basic Flask App Working

commit 6b1a0efc1d460bfffbe0bc30f8336b234089ffbb
Author: Santiago Munevar <santiago-munevar@wireless-10-147-255-241.public.utexas.edu>
Date:   Tue Oct 18 17:57:10 2016 -0500

    Added sources single page template. Also missing RELATED section below

commit 4732513ba563ade80050bc3cca7c918ef56bc820
Author: Santiago Munevar <santiago-munevar@wireless-10-147-255-241.public.utexas.edu>
Date:   Tue Oct 18 17:34:58 2016 -0500

    Added single page for articles, still needs RELATED features at bottom

commit 12292dd82be36be492cc54e39ecb6d9f32da4c3a
Merge: ee2d09c 75746e3
Author: Santiago Munevar <santiago-munevar@wireless-10-147-255-241.public.utexas.edu>
Date:   Tue Oct 18 15:37:39 2016 -0500

    merge

commit ee2d09c80079fc1dc9d31391ddea145a6da73dde
Author: Santiago Munevar <santiago-munevar@wireless-10-147-255-241.public.utexas.edu>
Date:   Tue Oct 18 15:36:47 2016 -0500

    Created single page template for location

commit 75746e382777632023d54a1617da031780f472d3
Author: abderrahman said-alaoui <said11@cs.utexas.edu>
Date:   Tue Oct 18 14:58:52 2016 -0500

    embedded link in image, sources.html

commit 1d8235e07e8bce880eb57aa160287967c182d5d3
Author: abderrahman said-alaoui <said11@cs.utexas.edu>
Date:   Tue Oct 18 14:50:55 2016 -0500

    updated articles.html

commit bc123a6792a9cb16e814c8de86d419b68afc91d5
Merge: 7e7af6a c376c12
Author: abderrahman said-alaoui <said11@cs.utexas.edu>
Date:   Tue Oct 18 14:44:41 2016 -0500

    Merge branch 'dev' of github.com:swilery/cs373-idb into dev

commit 7e7af6affc02b4155b967ef869dd371f118faa14
Author: abderrahman said-alaoui <said11@cs.utexas.edu>
Date:   Tue Oct 18 14:44:19 2016 -0500

    sources page

commit c376c121e4f1e1ba6d69f5e6c3adb3c1e5aa139f
Author: Santiago Munevar <santiago-munevar@wireless-10-147-255-241.public.utexas.edu>
Date:   Tue Oct 18 14:33:33 2016 -0500

    Updated articles to have active navbar element, and populated static locations data

commit 9aab44606f3b9b99991e6202aac367fa8dea87be
Author: Ryan Fuller <rfuller250@yahoo.com>
Date:   Tue Oct 18 11:51:42 2016 -0500

    Updated api_notes.txt, Created data_attributes.txt

commit 4253b3268efbb4766748e010fd8aa32d8a234803
Author: Ryan Fuller <rfuller250@yahoo.com>
Date:   Tue Oct 18 11:24:58 2016 -0500

    Updated ryan.jpg

commit 1dee53814d49ee734ea49b61ffafc1ef0795b4f3
Author: abderrahman said-alaoui <said11@cs.utexas.edu>
Date:   Tue Oct 18 09:07:55 2016 -0500

    example articles page updated

commit 2bdfdc53740993528f4c86ce72a814caf2bb149d
Author: abderrahman said-alaoui <said11@cs.utexas.edu>
Date:   Tue Oct 18 07:15:03 2016 -0500

    flask py files included

commit 0c47bd74d75b786daa5bdbe71ca25c63b4abf493
Author: abderrahman said-alaoui <said11@cs.utexas.edu>
Date:   Tue Oct 18 07:03:47 2016 -0500

    updated .gitignore

commit 618caf40322b71170b2689ac16f6baffff4af09b
Author: Abderrahman SaidAlaoui <a.saidalaoui@utexas.edu>
Date:   Tue Oct 18 06:12:08 2016 -0500

    merge files

commit b9fbc110dcf724940344492604bc5231769f0345
Author: Santiago Munevar <santiago-munevar@Johns-MacBook-Pro.local>
Date:   Mon Oct 17 18:02:27 2016 -0500

    Styled about page and added css file for page container

commit 06c2059e21f19780782ab6fc4ceebba4ed6d9ca6
Author: Santiago Munevar <santiago-munevar@Johns-MacBook-Pro.local>
Date:   Mon Oct 17 15:57:05 2016 -0500

    Added header to all files and created mockup/template for front page recent/random news articles

commit e1b69004542cc61441b862428fe251248b45cf27
Author: Santiago Munevar <santiago-munevar@Johns-MacBook-Pro.local>
Date:   Mon Oct 17 15:01:01 2016 -0500

    Updated Header, removed carousel to be replaced by top 5 most recent news stories

commit 2e919adc7e40d61637813d5f331f83ca97fc6905
Merge: ea175ed 03769a0
Author: Eric Kramer <erickramer42@gmail.com>
Date:   Mon Oct 17 14:35:53 2016 -0500

    Merge branch 'dev' of github.com:swilery/cs373-idb into dev

commit ea175ed8ad768e0e17ed47707df83e2b0ea46c39
Author: Eric Kramer <erickramer42@gmail.com>
Date:   Mon Oct 17 14:35:23 2016 -0500

    Added font awesome icons, and some about page upgrades

commit 03769a006ee19daafb8a6d9686dacd7c895598e4
Author: Ryan Fuller <rfuller250@yahoo.com>
Date:   Mon Oct 17 12:22:33 2016 -0500

    Updated data/api_notes.txt

commit cc14d8e2cf0e7e66e7c6c50fcc5b104007e3f746
Author: Ryan Fuller <rfuller250@yahoo.com>
Date:   Mon Oct 17 12:08:12 2016 -0500

    Updated data/ Directory

commit c8b4b101c56e2749e10eaf79f17d51ec8f44de96
Author: Eric Kramer <erickramer42@gmail.com>
Date:   Mon Oct 17 11:44:49 2016 -0500

    Commits to master are wrong, added pictures to about page, renamed site, minimal descriptions

commit a57720bdb97a3c336f1585baad5f9a05f30922c1
Merge: 0664c9a 35d84bf
Author: Eric Kramer <erickramer42@gmail.com>
Date:   Mon Oct 17 11:12:23 2016 -0500

    Merged from dev, static pages in progress

commit 35d84bfa260174fb0106f768f5fb15f6c857a3ab
Author: Eric Kramer <erickramer42@gmail.com>
Date:   Mon Oct 17 09:40:44 2016 -0500

    Testing image scaling with gimp for about page

commit f1c839698a47cb54d7d102ddf38fbbc1d187d010
Author: Eric Kramer <erickramer42@gmail.com>
Date:   Mon Oct 17 09:38:41 2016 -0500

    Changed static pillar pages for news

commit 5c931ebf8ea1f1ee8b748535de2c69992831e336
Author: Eric Kramer <erickramer42@gmail.com>
Date:   Mon Oct 17 09:22:57 2016 -0500

    Updated UML txt and pdf for news

commit fe254582eccd788c0b444c31c177511986512720
Author: asaidalaoui <a.saidalaoui@utexas.edu>
Date:   Mon Oct 17 08:59:50 2016 -0500

    Update UML.txt

commit d757ab6300e46b6b9039d6a7e8ca5d3f07d4b02e
Author: asaidalaoui <a.saidalaoui@utexas.edu>
Date:   Mon Oct 17 08:41:56 2016 -0500

    models' skeleton

commit 12ff400c69e14bca840c07e890c556db5135b244
Author: Ryan Fuller <rfuller250@yahoo.com>
Date:   Mon Oct 17 08:40:30 2016 -0500

    Adding Sample Data for Phase 1

commit 2def30990b01bc31e8c754716d094222b3ae4d00
Author: Eric Kramer <erickramer42@gmail.com>
Date:   Fri Oct 14 11:35:12 2016 -0500

    Set some basic margins on the pillar pages for template table

commit dfb282f03090ac8d2de314021f4f8d0e6b5495fc
Author: Eric Kramer <erickramer42@gmail.com>
Date:   Fri Oct 14 11:23:22 2016 -0500

    Moved about.html to templates, removed rainbows

commit 4b7a56c2de878c4b0f1a98cffdb55a70e57f4899
Author: Eric Kramer <erickramer42@gmail.com>
Date:   Fri Oct 14 09:23:46 2016 -0500

    Added initial tables and static pages, need some margins and padding still

commit 194a2eeb218e4a50814ed08176dee21a2c57fde5
Author: Eric Kramer <erickramer42@gmail.com>
Date:   Fri Oct 14 08:52:21 2016 -0500

    Added apiary template

commit 0664c9acd79073daf0a2612bb25b5ac08ec8e46d
Merge: f40390a 64665d7
Author: Eric Kramer <erickramer42@gmail.com>
Date:   Fri Oct 14 08:47:57 2016 -0500

    Merge branch 'dev'

commit f40390af19931c80b0d21e409349293c8bc8f5bb
Author: swilery <swilery@gmail.com>
Date:   Fri Oct 14 08:37:42 2016 -0500

    Transferring API Description file from Apiary.io

commit 64665d72ed20083d4c9dc370c4753f4685b407fd
Author: Eric Kramer <erickramer42@gmail.com>
Date:   Thu Oct 13 18:19:53 2016 -0500

    Said and Santi are bad and should feel bad, but mostly Eric

commit a5e532ebee61b891104e5406f8c8cec460b33b1a
Author: Eric Kramer <erickramer42@gmail.com>
Date:   Thu Oct 13 16:58:15 2016 -0500

    Added navbar and carousel, stock images

commit 84b2392c5a78793783e63a8e08cf750bc376dc83
Author: Eric Kramer <erickramer42@gmail.com>
Date:   Wed Oct 12 13:59:55 2016 -0500

    Added bootstrap minimal template to index.html

commit d9f34e3bd3eb3aaf10304a90eda2be86cfc1e23e
Author: Eric Kramer <erickramer42@gmail.com>
Date:   Wed Oct 12 13:52:38 2016 -0500

    Added some required directories and bootstrap scripts

commit 6252f27d1603e1d71456d9fbfe07a9ff9bb84613
Author: Eric Kramer <erickramer42@gmail.com>
Date:   Wed Oct 12 13:24:16 2016 -0500

    Updated UML for concert/live music tracking

commit 246fbf9f11917f6ca776096c51362bf2e62fcbcc
Author: Walter Xia <swilery@cs.utexas.edu>
Date:   Wed Oct 12 11:18:30 2016 -0500

    Testing RESTful API URLS

commit 3fbda11b720e199a6a809ff7a9aedcaa809195f6
Author: Ryan Fuller <rfuller250@yahoo.com>
Date:   Wed Oct 12 10:35:14 2016 -0500

    Updated README

commit 0fb0264bc1eb6e9c4df167c53e02599917013ad8
Merge: 8d5f472 a8045aa
Author: Ryan Fuller <rfuller250@yahoo.com>
Date:   Wed Oct 12 10:31:04 2016 -0500

    Merging

commit a8045aaa05dc4517a2258482474166bb4dd6fa2f
Author: Ryan Fuller <rfuller250@yahoo.com>
Date:   Wed Oct 12 10:18:33 2016 -0500

    Basic Flask App Tutorial

commit 8d5f4729b49fda8b6671e516fd49bde401442b40
Author: swilery <swilery@gmail.com>
Date:   Wed Oct 12 09:25:47 2016 -0500

    Update README

commit e2c0d0af8578b39463fe3b4d041238a8fc1e6030
Author: asaidalaoui <a.saidalaoui@utexas.edu>
Date:   Wed Oct 12 09:18:20 2016 -0500

    Update README

commit 2e139264bcbedf6f1dacf437aa3dca9e655964c0
Author: asaidalaoui <a.saidalaoui@utexas.edu>
Date:   Wed Oct 12 09:18:08 2016 -0500

    Update README

commit e718f835ff13bdae967940d3cb9b483d6c020172
Author: asaidalaoui <a.saidalaoui@utexas.edu>
Date:   Wed Oct 12 09:17:15 2016 -0500

    Update README

commit 41a1838443e8c2e4f7ac910db59eded75ce97001
Author: Eric Kramer <erickramer42@gmail.com>
Date:   Wed Oct 12 08:48:30 2016 -0500

    Initial makefile engage

commit fd0f5ce0ae22d8654c21a53bbb60e13117039d66
Author: Eric Kramer <erickramer42@gmail.com>
Date:   Wed Oct 12 08:44:35 2016 -0500

    Added template makefile and base py files

commit dfd9780898458e23a24ee4c593719a1d04af683f
Author: Eric Kramer <erickramer42@gmail.com>
Date:   Wed Oct 12 08:38:02 2016 -0500

    Added .travis.yml

commit 5d59453a797a91b7e8e6a31e6a2e0ec6ebf5a2d3
Author: Eric Kramer <erickramer42@gmail.com>
Date:   Wed Oct 12 08:30:38 2016 -0500

    dev branch push

commit bc9b5eedf5932929c29c03d4a021e2773bf0d61a
Author: Eric Kramer <erickramer42@gmail.com>
Date:   Wed Oct 12 08:28:39 2016 -0500

    Initial commit, starting early because we are awesome
